Warning message:
replacing previous import ‘e1071::element’ by ‘ggplot2::element’ when loading ‘nichenetr’ 
=== Habermann GSE135893 ===
  Metadata: 114396 cells
  Reading sparse matrix…
  Filtered to relevant types: 33694 genes × 26110 cells
  Cell type counts:

                      AT2               Macrophages                 Monocytes 
                     5000                      5000                      5000 
                     cDCs            Myofibroblasts Proliferating Macrophages 
                     2132                      1712                      1563 
      Smooth Muscle Cells        PLIN2+ Fibroblasts          Transitional AT2 
                     1394                      1287                      1160 
                      AT1              KRT5-/KRT17+               Fibroblasts 
                      771                       485                       427 
    HAS1 High Fibroblasts 
                      179 
Warning: Feature names cannot have underscores ('_'), replacing with dashes ('-')
Warning: Data is of class dgTMatrix. Coercing to dgCMatrix.
            used  (Mb) gc trigger    (Mb)   max used    (Mb)
Ncells   5813455 310.5   10845864   579.3    8779408   468.9
Vcells 100115456 763.9 1423912737 10863.6 1736830486 13251.0
  After QC: 25844 cells
NicheNet groups: AT1=760 | AT2=4903 | Basaloid=1608 | Sender=18573
geneset_oi: 644 genes
  AT2/AT1 markers covered: 8 / 13
Loading NicheNet v2 human priors…
  lt_matrix: 33354 × 1226 | lr_network: 4986 rows
Warning message:
In asMethod(object) :
  sparse->dense coercion: allocating vector of size 1.2 GiB
  AT2 expressed: 6977 | Sender expressed: 6547
  Potential ligands: 177
  geneset_oi covered by lt_matrix: 49 / 644
Scoring ligand activities…

Top 15 human ligands (Habermann):
# A tibble: 15 × 3
   test_ligand aupr_corrected  rank
   <chr>                <dbl> <int>
 1 CSF1                0.0637     1
 2 ANGPTL4             0.0635     2
 3 TNF                 0.0633     3
 4 IL1B                0.0633     4
 5 TGFB1               0.0615     5
 6 HBEGF               0.0587     6
 7 VEGFA               0.0567     7
 8 OSM                 0.0538     8
 9 TIMP1               0.0523     9
10 LPL                 0.0511    10
11 AREG                0.0500    11
12 RARRES1             0.0490    12
13 CDCP1               0.0480    13
14 IL1RN               0.0477    14
15 SERPING1            0.0474    15

FGFR2b-family (human): FGF7 rank= 16
NOTE: FGFR2b family rank 16 > 15. Habermann is IPF-only (no healthy AT2 reference); geneset_oi is AT2 vs KRT17+ which may emphasise different pathways.

Top receptor pairs (human, first 20):
# A tibble: 20 × 2
   ligand  receptor
   <chr>   <chr>   
 1 ADAM17  MUC1    
 2 ADAM17  NOTCH1  
 3 ADAM17  ITGB1   
 4 ADAM17  IL6R    
 5 ADAM17  ERBB4   
 6 ADAM17  NOTCH2  
 7 ANG     EGFR    
 8 ANG     PLXNB2  
 9 ANGPTL4 SDC1    
10 ANGPTL4 SDC2    
11 ANGPTL4 SDC4    
12 ANGPTL4 LPL     
13 ANGPTL4 ITGB1   
14 ANGPTL4 ITGAV   
15 AREG    EGFR    
16 AREG    ERBB2   
17 AREG    ERBB3   
18 CD55    ADGRE5  
19 CDCP1   EGFR    
20 CSF1    CSF3R   

08_human_nichenet.R complete. Outputs: results/nichenet_human/
